<?xml version="1.0" encoding="UTF-8"?>
<robot generator="Robot 7.3.2 (Python 3.12.8 on darwin)" generated="2025-10-14T21:04:09.383857" rpa="false" schemaversion="5">
<suite id="s1" name="Tests" source="/Users/jorgefragoso/robot-test/tests">
<suite id="s1-s1" name="Checkout Tests" source="/Users/jorgefragoso/robot-test/tests/checkout_tests.robot">
<test id="s1-s1-t1" name="Flujo Completo de Compra Exitoso" line="8">
<kw name="Abrir Navegador" owner="common" type="SETUP">
<kw name="Open Browser" owner="SeleniumLibrary">
<msg time="2025-10-14T21:04:09.481914" level="INFO">Opening browser 'chrome' to base url 'https://www.saucedemo.com/'.</msg>
<arg>${BASE_URL}</arg>
<arg>chrome</arg>
<doc>Opens a new browser instance to the optional ``url``.</doc>
<status status="PASS" start="2025-10-14T21:04:09.481822" elapsed="3.298970"/>
</kw>
<kw name="Maximize Browser Window" owner="SeleniumLibrary">
<doc>Maximizes current browser window.</doc>
<status status="PASS" start="2025-10-14T21:04:12.781185" elapsed="0.380356"/>
</kw>
<kw name="Set Selenium Implicit Wait" owner="SeleniumLibrary">
<arg>10</arg>
<doc>Sets the implicit wait value used by Selenium.</doc>
<status status="PASS" start="2025-10-14T21:04:13.162060" elapsed="0.002176"/>
</kw>
<doc>Abre el navegador y maximiza la ventana</doc>
<status status="PASS" start="2025-10-14T21:04:09.481568" elapsed="3.682825"/>
</kw>
<kw name="Login Exitoso" owner="common">
<kw name="Input Text" owner="SeleniumLibrary">
<msg time="2025-10-14T21:04:13.166717" level="INFO">Typing text 'standard_user' into text field 'id=user-name'.</msg>
<arg>${USERNAME_FIELD}</arg>
<arg>${username}</arg>
<doc>Types the given ``text`` into the text field identified by ``locator``.</doc>
<status status="PASS" start="2025-10-14T21:04:13.166134" elapsed="0.141338"/>
</kw>
<kw name="Input Password" owner="SeleniumLibrary">
<msg time="2025-10-14T21:04:13.307784" level="INFO">Typing password into text field 'id=password'.</msg>
<msg time="2025-10-14T21:04:13.319821" level="INFO">Temporally setting log level to: NONE</msg>
<arg>${PASSWORD_FIELD}</arg>
<arg>${password}</arg>
<doc>Types the given password into the text field identified by ``locator``.</doc>
<status status="PASS" start="2025-10-14T21:04:13.307596" elapsed="0.032795"/>
</kw>
<kw name="Click Button" owner="SeleniumLibrary">
<msg time="2025-10-14T21:04:13.340678" level="INFO">Clicking button 'id=login-button'.</msg>
<arg>${LOGIN_BUTTON}</arg>
<doc>Clicks the button identified by ``locator``.</doc>
<status status="PASS" start="2025-10-14T21:04:13.340524" elapsed="0.049266"/>
</kw>
<kw name="Wait Until Page Contains" owner="SeleniumLibrary">
<arg>Products</arg>
<doc>Waits until ``text`` appears on the current page.</doc>
<status status="PASS" start="2025-10-14T21:04:13.389931" elapsed="0.007739"/>
</kw>
<doc>Realiza login con credenciales válidas</doc>
<status status="PASS" start="2025-10-14T21:04:13.165362" elapsed="0.232398"/>
</kw>
<kw name="Agregar Primer Producto al Carrito" owner="common">
<kw name="Click Button" owner="SeleniumLibrary">
<msg time="2025-10-14T21:04:13.398478" level="INFO">Clicking button 'css=.inventory_item:first-child .btn_inventory'.</msg>
<arg>css=.inventory_item:first-child .btn_inventory</arg>
<doc>Clicks the button identified by ``locator``.</doc>
<status status="PASS" start="2025-10-14T21:04:13.398362" elapsed="0.028972"/>
</kw>
<kw name="Page Should Contain Element" owner="SeleniumLibrary">
<msg time="2025-10-14T21:04:13.431366" level="INFO">Current page contains element 'css=.shopping_cart_badge'.</msg>
<arg>css=.shopping_cart_badge</arg>
<doc>Verifies that element ``locator`` is found on the current page.</doc>
<status status="PASS" start="2025-10-14T21:04:13.427455" elapsed="0.003956"/>
</kw>
<doc>Agrega el primer producto de la lista al carrito</doc>
<status status="PASS" start="2025-10-14T21:04:13.398181" elapsed="0.033275"/>
</kw>
<kw name="Ir al Carrito" owner="common">
<kw name="Click Element" owner="SeleniumLibrary">
<msg time="2025-10-14T21:04:13.431779" level="INFO">Clicking element 'css=.shopping_cart_link'.</msg>
<arg>css=.shopping_cart_link</arg>
<doc>Click the element identified by ``locator``.</doc>
<status status="PASS" start="2025-10-14T21:04:13.431700" elapsed="0.020900"/>
</kw>
<kw name="Wait Until Page Contains" owner="SeleniumLibrary">
<arg>Your Cart</arg>
<doc>Waits until ``text`` appears on the current page.</doc>
<status status="PASS" start="2025-10-14T21:04:13.452703" elapsed="0.003786"/>
</kw>
<doc>Navega a la página del carrito</doc>
<status status="PASS" start="2025-10-14T21:04:13.431577" elapsed="0.024959"/>
</kw>
<kw name="Page Should Contain Element" owner="SeleniumLibrary">
<msg time="2025-10-14T21:04:13.461506" level="INFO">Current page contains element 'css=.cart_item'.</msg>
<arg>css=.cart_item</arg>
<doc>Verifies that element ``locator`` is found on the current page.</doc>
<status status="PASS" start="2025-10-14T21:04:13.456627" elapsed="0.004948"/>
</kw>
<kw name="Click Button" owner="SeleniumLibrary">
<msg time="2025-10-14T21:04:13.461940" level="INFO">Clicking button 'id=checkout'.</msg>
<arg>id=checkout</arg>
<doc>Clicks the button identified by ``locator``.</doc>
<status status="PASS" start="2025-10-14T21:04:13.461735" elapsed="0.025051"/>
</kw>
<kw name="Wait Until Page Contains" owner="SeleniumLibrary">
<arg>Checkout: Your Information</arg>
<doc>Waits until ``text`` appears on the current page.</doc>
<status status="PASS" start="2025-10-14T21:04:13.486950" elapsed="0.003722"/>
</kw>
<kw name="Input Text" owner="SeleniumLibrary">
<msg time="2025-10-14T21:04:13.490853" level="INFO">Typing text 'Juan' into text field 'id=first-name'.</msg>
<arg>id=first-name</arg>
<arg>${FIRST_NAME}</arg>
<doc>Types the given ``text`` into the text field identified by ``locator``.</doc>
<status status="PASS" start="2025-10-14T21:04:13.490750" elapsed="0.029260"/>
</kw>
<kw name="Input Text" owner="SeleniumLibrary">
<msg time="2025-10-14T21:04:13.520293" level="INFO">Typing text 'Pérez' into text field 'id=last-name'.</msg>
<arg>id=last-name</arg>
<arg>${LAST_NAME}</arg>
<doc>Types the given ``text`` into the text field identified by ``locator``.</doc>
<status status="PASS" start="2025-10-14T21:04:13.520159" elapsed="0.023598"/>
</kw>
<kw name="Input Text" owner="SeleniumLibrary">
<msg time="2025-10-14T21:04:13.544052" level="INFO">Typing text '12345' into text field 'id=postal-code'.</msg>
<arg>id=postal-code</arg>
<arg>${POSTAL_CODE}</arg>
<doc>Types the given ``text`` into the text field identified by ``locator``.</doc>
<status status="PASS" start="2025-10-14T21:04:13.543912" elapsed="0.022030"/>
</kw>
<kw name="Click Button" owner="SeleniumLibrary">
<msg time="2025-10-14T21:04:13.566163" level="INFO">Clicking button 'id=continue'.</msg>
<arg>id=continue</arg>
<doc>Clicks the button identified by ``locator``.</doc>
<status status="PASS" start="2025-10-14T21:04:13.566061" elapsed="0.029570"/>
</kw>
<kw name="Wait Until Page Contains" owner="SeleniumLibrary">
<arg>Checkout: Overview</arg>
<doc>Waits until ``text`` appears on the current page.</doc>
<status status="PASS" start="2025-10-14T21:04:13.595890" elapsed="0.004019"/>
</kw>
<kw name="Click Button" owner="SeleniumLibrary">
<msg time="2025-10-14T21:04:13.600078" level="INFO">Clicking button 'id=finish'.</msg>
<arg>id=finish</arg>
<doc>Clicks the button identified by ``locator``.</doc>
<status status="PASS" start="2025-10-14T21:04:13.599993" elapsed="0.026103"/>
</kw>
<kw name="Wait Until Page Contains" owner="SeleniumLibrary">
<arg>Thank you for your order!</arg>
<doc>Waits until ``text`` appears on the current page.</doc>
<status status="PASS" start="2025-10-14T21:04:13.626370" elapsed="0.003866"/>
</kw>
<kw name="Page Should Contain" owner="SeleniumLibrary">
<msg time="2025-10-14T21:04:13.638529" level="INFO">Current page contains text 'Your order has been dispatched'.</msg>
<arg>Your order has been dispatched</arg>
<doc>Verifies that current page contains ``text``.</doc>
<status status="PASS" start="2025-10-14T21:04:13.630341" elapsed="0.008236"/>
</kw>
<kw name="Cerrar Navegador" owner="common" type="TEARDOWN">
<kw name="Close Browser" owner="SeleniumLibrary">
<doc>Closes the current browser.</doc>
<status status="PASS" start="2025-10-14T21:04:13.638953" elapsed="0.073839"/>
</kw>
<doc>Cierra el navegador</doc>
<status status="PASS" start="2025-10-14T21:04:13.638830" elapsed="0.074020"/>
</kw>
<doc>Prueba el flujo completo de compra desde login hasta checkout</doc>
<status status="PASS" start="2025-10-14T21:04:09.481268" elapsed="4.231634"/>
</test>
<test id="s1-s1-t2" name="Flujo de Compra Sin Información de Envío" line="43">
<kw name="Abrir Navegador" owner="common" type="SETUP">
<kw name="Open Browser" owner="SeleniumLibrary">
<msg time="2025-10-14T21:04:13.713475" level="INFO">Opening browser 'chrome' to base url 'https://www.saucedemo.com/'.</msg>
<arg>${BASE_URL}</arg>
<arg>chrome</arg>
<doc>Opens a new browser instance to the optional ``url``.</doc>
<status status="PASS" start="2025-10-14T21:04:13.713377" elapsed="2.164750"/>
</kw>
<kw name="Maximize Browser Window" owner="SeleniumLibrary">
<doc>Maximizes current browser window.</doc>
<status status="PASS" start="2025-10-14T21:04:15.878456" elapsed="0.382125"/>
</kw>
<kw name="Set Selenium Implicit Wait" owner="SeleniumLibrary">
<arg>10</arg>
<doc>Sets the implicit wait value used by Selenium.</doc>
<status status="PASS" start="2025-10-14T21:04:16.260856" elapsed="0.001672"/>
</kw>
<doc>Abre el navegador y maximiza la ventana</doc>
<status status="PASS" start="2025-10-14T21:04:13.713268" elapsed="2.549412"/>
</kw>
<kw name="Login Exitoso" owner="common">
<kw name="Input Text" owner="SeleniumLibrary">
<msg time="2025-10-14T21:04:16.264368" level="INFO">Typing text 'standard_user' into text field 'id=user-name'.</msg>
<arg>${USERNAME_FIELD}</arg>
<arg>${username}</arg>
<doc>Types the given ``text`` into the text field identified by ``locator``.</doc>
<status status="PASS" start="2025-10-14T21:04:16.263673" elapsed="0.102812"/>
</kw>
<kw name="Input Password" owner="SeleniumLibrary">
<msg time="2025-10-14T21:04:16.366855" level="INFO">Typing password into text field 'id=password'.</msg>
<msg time="2025-10-14T21:04:16.377179" level="INFO">Temporally setting log level to: NONE</msg>
<arg>${PASSWORD_FIELD}</arg>
<arg>${password}</arg>
<doc>Types the given password into the text field identified by ``locator``.</doc>
<status status="PASS" start="2025-10-14T21:04:16.366625" elapsed="0.025711"/>
</kw>
<kw name="Click Button" owner="SeleniumLibrary">
<msg time="2025-10-14T21:04:16.392566" level="INFO">Clicking button 'id=login-button'.</msg>
<arg>${LOGIN_BUTTON}</arg>
<doc>Clicks the button identified by ``locator``.</doc>
<status status="PASS" start="2025-10-14T21:04:16.392451" elapsed="0.032172"/>
</kw>
<kw name="Wait Until Page Contains" owner="SeleniumLibrary">
<arg>Products</arg>
<doc>Waits until ``text`` appears on the current page.</doc>
<status status="PASS" start="2025-10-14T21:04:16.424741" elapsed="0.005093"/>
</kw>
<doc>Realiza login con credenciales válidas</doc>
<status status="PASS" start="2025-10-14T21:04:16.263154" elapsed="0.166743"/>
</kw>
<kw name="Agregar Primer Producto al Carrito" owner="common">
<kw name="Click Button" owner="SeleniumLibrary">
<msg time="2025-10-14T21:04:16.430539" level="INFO">Clicking button 'css=.inventory_item:first-child .btn_inventory'.</msg>
<arg>css=.inventory_item:first-child .btn_inventory</arg>
<doc>Clicks the button identified by ``locator``.</doc>
<status status="PASS" start="2025-10-14T21:04:16.430384" elapsed="0.029482"/>
</kw>
<kw name="Page Should Contain Element" owner="SeleniumLibrary">
<msg time="2025-10-14T21:04:16.464410" level="INFO">Current page contains element 'css=.shopping_cart_badge'.</msg>
<arg>css=.shopping_cart_badge</arg>
<doc>Verifies that element ``locator`` is found on the current page.</doc>
<status status="PASS" start="2025-10-14T21:04:16.459981" elapsed="0.004484"/>
</kw>
<doc>Agrega el primer producto de la lista al carrito</doc>
<status status="PASS" start="2025-10-14T21:04:16.430089" elapsed="0.034425"/>
</kw>
<kw name="Ir al Carrito" owner="common">
<kw name="Click Element" owner="SeleniumLibrary">
<msg time="2025-10-14T21:04:16.464886" level="INFO">Clicking element 'css=.shopping_cart_link'.</msg>
<arg>css=.shopping_cart_link</arg>
<doc>Click the element identified by ``locator``.</doc>
<status status="PASS" start="2025-10-14T21:04:16.464795" elapsed="0.023381"/>
</kw>
<kw name="Wait Until Page Contains" owner="SeleniumLibrary">
<arg>Your Cart</arg>
<doc>Waits until ``text`` appears on the current page.</doc>
<status status="PASS" start="2025-10-14T21:04:16.488391" elapsed="0.004304"/>
</kw>
<doc>Navega a la página del carrito</doc>
<status status="PASS" start="2025-10-14T21:04:16.464655" elapsed="0.028087"/>
</kw>
<kw name="Click Button" owner="SeleniumLibrary">
<msg time="2025-10-14T21:04:16.492936" level="INFO">Clicking button 'id=checkout'.</msg>
<arg>id=checkout</arg>
<doc>Clicks the button identified by ``locator``.</doc>
<status status="PASS" start="2025-10-14T21:04:16.492836" elapsed="0.025970"/>
</kw>
<kw name="Click Button" owner="SeleniumLibrary">
<msg time="2025-10-14T21:04:16.519277" level="INFO">Clicking button 'id=continue'.</msg>
<arg>id=continue</arg>
<doc>Clicks the button identified by ``locator``.</doc>
<status status="PASS" start="2025-10-14T21:04:16.519127" elapsed="0.032570"/>
</kw>
<kw name="Page Should Contain Element" owner="SeleniumLibrary">
<msg time="2025-10-14T21:04:16.555996" level="INFO">Current page contains element 'css=.error-message-container'.</msg>
<arg>css=.error-message-container</arg>
<doc>Verifies that element ``locator`` is found on the current page.</doc>
<status status="PASS" start="2025-10-14T21:04:16.551938" elapsed="0.004095"/>
</kw>
<kw name="Element Should Contain" owner="SeleniumLibrary">
<msg time="2025-10-14T21:04:16.562980" level="INFO">Element 'css=.error-message-container' contains text 'Error: First Name is required'.</msg>
<arg>css=.error-message-container</arg>
<arg>Error: First Name is required</arg>
<doc>Verifies that element ``locator`` contains text ``expected``.</doc>
<status status="PASS" start="2025-10-14T21:04:16.556128" elapsed="0.006893"/>
</kw>
<kw name="Cerrar Navegador" owner="common" type="TEARDOWN">
<kw name="Close Browser" owner="SeleniumLibrary">
<doc>Closes the current browser.</doc>
<status status="PASS" start="2025-10-14T21:04:16.563282" elapsed="0.073325"/>
</kw>
<doc>Cierra el navegador</doc>
<status status="PASS" start="2025-10-14T21:04:16.563175" elapsed="0.073488"/>
</kw>
<doc>Prueba el error cuando no se completa la información de envío</doc>
<status status="PASS" start="2025-10-14T21:04:13.713059" elapsed="2.923667"/>
</test>
<doc>Suite de pruebas para el proceso de checkout</doc>
<status status="PASS" start="2025-10-14T21:04:09.397703" elapsed="7.239289"/>
</suite>
<suite id="s1-s2" name="Login Tests" source="/Users/jorgefragoso/robot-test/tests/login_tests.robot">
<test id="s1-s2-t1" name="Login Exitoso Con Credenciales Validas" line="8">
<kw name="Abrir Navegador" owner="common" type="SETUP">
<kw name="Open Browser" owner="SeleniumLibrary">
<msg time="2025-10-14T21:04:16.638745" level="INFO">Opening browser 'chrome' to base url 'https://www.saucedemo.com/'.</msg>
<arg>${BASE_URL}</arg>
<arg>chrome</arg>
<doc>Opens a new browser instance to the optional ``url``.</doc>
<status status="PASS" start="2025-10-14T21:04:16.638672" elapsed="1.779625"/>
</kw>
<kw name="Maximize Browser Window" owner="SeleniumLibrary">
<doc>Maximizes current browser window.</doc>
<status status="PASS" start="2025-10-14T21:04:18.419805" elapsed="0.615974"/>
</kw>
<kw name="Set Selenium Implicit Wait" owner="SeleniumLibrary">
<arg>10</arg>
<doc>Sets the implicit wait value used by Selenium.</doc>
<status status="PASS" start="2025-10-14T21:04:19.036345" elapsed="0.001568"/>
</kw>
<doc>Abre el navegador y maximiza la ventana</doc>
<status status="PASS" start="2025-10-14T21:04:16.638580" elapsed="2.399488"/>
</kw>
<kw name="Login Exitoso" owner="common">
<kw name="Input Text" owner="SeleniumLibrary">
<msg time="2025-10-14T21:04:19.039166" level="INFO">Typing text 'standard_user' into text field 'id=user-name'.</msg>
<arg>${USERNAME_FIELD}</arg>
<arg>${username}</arg>
<doc>Types the given ``text`` into the text field identified by ``locator``.</doc>
<status status="PASS" start="2025-10-14T21:04:19.038889" elapsed="0.101890"/>
</kw>
<kw name="Input Password" owner="SeleniumLibrary">
<msg time="2025-10-14T21:04:19.141329" level="INFO">Typing password into text field 'id=password'.</msg>
<msg time="2025-10-14T21:04:19.151912" level="INFO">Temporally setting log level to: NONE</msg>
<arg>${PASSWORD_FIELD}</arg>
<arg>${password}</arg>
<doc>Types the given password into the text field identified by ``locator``.</doc>
<status status="PASS" start="2025-10-14T21:04:19.141162" elapsed="0.025306"/>
</kw>
<kw name="Click Button" owner="SeleniumLibrary">
<msg time="2025-10-14T21:04:19.166722" level="INFO">Clicking button 'id=login-button'.</msg>
<arg>${LOGIN_BUTTON}</arg>
<doc>Clicks the button identified by ``locator``.</doc>
<status status="PASS" start="2025-10-14T21:04:19.166594" elapsed="0.031547"/>
</kw>
<kw name="Wait Until Page Contains" owner="SeleniumLibrary">
<arg>Products</arg>
<doc>Waits until ``text`` appears on the current page.</doc>
<status status="PASS" start="2025-10-14T21:04:19.198354" elapsed="0.004804"/>
</kw>
<doc>Realiza login con credenciales válidas</doc>
<status status="PASS" start="2025-10-14T21:04:19.038509" elapsed="0.164718"/>
</kw>
<kw name="Location Should Be" owner="SeleniumLibrary">
<msg time="2025-10-14T21:04:19.205019" level="INFO">Current location is 'https://www.saucedemo.com/inventory.html'.</msg>
<arg>${INVENTORY_URL}</arg>
<doc>Verifies that the current URL is exactly ``url``.</doc>
<status status="PASS" start="2025-10-14T21:04:19.203336" elapsed="0.001720"/>
</kw>
<kw name="Page Should Contain" owner="SeleniumLibrary">
<msg time="2025-10-14T21:04:19.213261" level="INFO">Current page contains text 'Products'.</msg>
<arg>Products</arg>
<doc>Verifies that current page contains ``text``.</doc>
<status status="PASS" start="2025-10-14T21:04:19.205151" elapsed="0.008173"/>
</kw>
<kw name="Page Should Contain Element" owner="SeleniumLibrary">
<msg time="2025-10-14T21:04:19.219266" level="INFO">Current page contains element 'css=.inventory_item'.</msg>
<arg>css=.inventory_item</arg>
<doc>Verifies that element ``locator`` is found on the current page.</doc>
<status status="PASS" start="2025-10-14T21:04:19.213493" elapsed="0.005846"/>
</kw>
<kw name="Page Should Contain Element" owner="SeleniumLibrary">
<msg time="2025-10-14T21:04:19.223268" level="INFO">Current page contains element 'css=.shopping_cart_link'.</msg>
<arg>css=.shopping_cart_link</arg>
<doc>Verifies that element ``locator`` is found on the current page.</doc>
<status status="PASS" start="2025-10-14T21:04:19.219479" elapsed="0.003818"/>
</kw>
<kw name="Cerrar Navegador" owner="common" type="TEARDOWN">
<kw name="Close Browser" owner="SeleniumLibrary">
<doc>Closes the current browser.</doc>
<status status="PASS" start="2025-10-14T21:04:19.223566" elapsed="0.071350"/>
</kw>
<doc>Cierra el navegador</doc>
<status status="PASS" start="2025-10-14T21:04:19.223459" elapsed="0.071541"/>
</kw>
<doc>Verifica que el login funcione con credenciales válidas
Este es un caso de prueba positivo</doc>
<status status="PASS" start="2025-10-14T21:04:16.638397" elapsed="2.656667"/>
</test>
<test id="s1-s2-t2" name="Login Fallido Con Credenciales Invalidas" line="25">
<kw name="Abrir Navegador" owner="common" type="SETUP">
<kw name="Open Browser" owner="SeleniumLibrary">
<msg time="2025-10-14T21:04:19.295695" level="INFO">Opening browser 'chrome' to base url 'https://www.saucedemo.com/'.</msg>
<arg>${BASE_URL}</arg>
<arg>chrome</arg>
<doc>Opens a new browser instance to the optional ``url``.</doc>
<status status="PASS" start="2025-10-14T21:04:19.295588" elapsed="1.903516"/>
</kw>
<kw name="Maximize Browser Window" owner="SeleniumLibrary">
<doc>Maximizes current browser window.</doc>
<status status="PASS" start="2025-10-14T21:04:21.204503" elapsed="0.784179"/>
</kw>
<kw name="Set Selenium Implicit Wait" owner="SeleniumLibrary">
<arg>10</arg>
<doc>Sets the implicit wait value used by Selenium.</doc>
<status status="PASS" start="2025-10-14T21:04:21.988803" elapsed="0.000530"/>
</kw>
<doc>Abre el navegador y maximiza la ventana</doc>
<status status="PASS" start="2025-10-14T21:04:19.295468" elapsed="2.693925"/>
</kw>
<kw name="Login Fallido" owner="common">
<kw name="Input Text" owner="SeleniumLibrary">
<msg time="2025-10-14T21:04:21.989976" level="INFO">Typing text 'invalid_user' into text field 'id=user-name'.</msg>
<arg>${USERNAME_FIELD}</arg>
<arg>${username}</arg>
<doc>Types the given ``text`` into the text field identified by ``locator``.</doc>
<status status="PASS" start="2025-10-14T21:04:21.989834" elapsed="0.083772"/>
</kw>
<kw name="Input Password" owner="SeleniumLibrary">
<msg time="2025-10-14T21:04:22.073858" level="INFO">Typing password into text field 'id=password'.</msg>
<msg time="2025-10-14T21:04:22.085641" level="INFO">Temporally setting log level to: NONE</msg>
<arg>${PASSWORD_FIELD}</arg>
<arg>${password}</arg>
<doc>Types the given password into the text field identified by ``locator``.</doc>
<status status="PASS" start="2025-10-14T21:04:22.073709" elapsed="0.027803"/>
</kw>
<kw name="Click Button" owner="SeleniumLibrary">
<msg time="2025-10-14T21:04:22.101721" level="INFO">Clicking button 'id=login-button'.</msg>
<arg>${LOGIN_BUTTON}</arg>
<doc>Clicks the button identified by ``locator``.</doc>
<status status="PASS" start="2025-10-14T21:04:22.101610" elapsed="0.027425"/>
</kw>
<doc>Realiza login con credenciales inválidas</doc>
<status status="PASS" start="2025-10-14T21:04:21.989619" elapsed="0.139479"/>
</kw>
<kw name="Page Should Contain Element" owner="SeleniumLibrary">
<msg time="2025-10-14T21:04:22.132871" level="INFO">Current page contains element 'css=.error-message-container'.</msg>
<arg>${ERROR_MESSAGE}</arg>
<doc>Verifies that element ``locator`` is found on the current page.</doc>
<status status="PASS" start="2025-10-14T21:04:22.129218" elapsed="0.003692"/>
</kw>
<kw name="Element Should Contain" owner="SeleniumLibrary">
<msg time="2025-10-14T21:04:22.139599" level="INFO">Element 'css=.error-message-container' contains text 'Epic sadface: Username and password do not match'.</msg>
<arg>${ERROR_MESSAGE}</arg>
<arg>Epic sadface: Username and password do not match</arg>
<doc>Verifies that element ``locator`` contains text ``expected``.</doc>
<status status="PASS" start="2025-10-14T21:04:22.133028" elapsed="0.006603"/>
</kw>
<kw name="Location Should Be" owner="SeleniumLibrary">
<msg time="2025-10-14T21:04:22.140961" level="INFO">Current location is 'https://www.saucedemo.com/'.</msg>
<arg>${BASE_URL}</arg>
<doc>Verifies that the current URL is exactly ``url``.</doc>
<status status="PASS" start="2025-10-14T21:04:22.139718" elapsed="0.001262"/>
</kw>
<kw name="Cerrar Navegador" owner="common" type="TEARDOWN">
<kw name="Close Browser" owner="SeleniumLibrary">
<doc>Closes the current browser.</doc>
<status status="PASS" start="2025-10-14T21:04:22.141175" elapsed="0.071427"/>
</kw>
<doc>Cierra el navegador</doc>
<status status="PASS" start="2025-10-14T21:04:22.141091" elapsed="0.071582"/>
</kw>
<doc>Verifica que el login falle con credenciales inválidas
Este es un caso de prueba negativo</doc>
<status status="PASS" start="2025-10-14T21:04:19.295220" elapsed="2.917507"/>
</test>
<test id="s1-s2-t3" name="Login Con Usuario Bloqueado" line="41">
<kw name="Abrir Navegador" owner="common" type="SETUP">
<kw name="Open Browser" owner="SeleniumLibrary">
<msg time="2025-10-14T21:04:22.213232" level="INFO">Opening browser 'chrome' to base url 'https://www.saucedemo.com/'.</msg>
<arg>${BASE_URL}</arg>
<arg>chrome</arg>
<doc>Opens a new browser instance to the optional ``url``.</doc>
<status status="PASS" start="2025-10-14T21:04:22.213150" elapsed="2.033916"/>
</kw>
<kw name="Maximize Browser Window" owner="SeleniumLibrary">
<doc>Maximizes current browser window.</doc>
<status status="PASS" start="2025-10-14T21:04:24.247332" elapsed="0.377637"/>
</kw>
<kw name="Set Selenium Implicit Wait" owner="SeleniumLibrary">
<arg>10</arg>
<doc>Sets the implicit wait value used by Selenium.</doc>
<status status="PASS" start="2025-10-14T21:04:24.625705" elapsed="0.001101"/>
</kw>
<doc>Abre el navegador y maximiza la ventana</doc>
<status status="PASS" start="2025-10-14T21:04:22.213042" elapsed="2.413897"/>
</kw>
<kw name="Login Exitoso" owner="common">
<kw name="Input Text" owner="SeleniumLibrary">
<msg time="2025-10-14T21:04:24.628494" level="INFO">Typing text 'locked_out_user' into text field 'id=user-name'.</msg>
<arg>${USERNAME_FIELD}</arg>
<arg>${username}</arg>
<doc>Types the given ``text`` into the text field identified by ``locator``.</doc>
<status status="PASS" start="2025-10-14T21:04:24.628241" elapsed="0.104079"/>
</kw>
<kw name="Input Password" owner="SeleniumLibrary">
<msg time="2025-10-14T21:04:24.732663" level="INFO">Typing password into text field 'id=password'.</msg>
<msg time="2025-10-14T21:04:24.743044" level="INFO">Temporally setting log level to: NONE</msg>
<arg>${PASSWORD_FIELD}</arg>
<arg>${password}</arg>
<doc>Types the given password into the text field identified by ``locator``.</doc>
<status status="PASS" start="2025-10-14T21:04:24.732441" elapsed="0.025885"/>
</kw>
<kw name="Click Button" owner="SeleniumLibrary">
<msg time="2025-10-14T21:04:24.758539" level="INFO">Clicking button 'id=login-button'.</msg>
<arg>${LOGIN_BUTTON}</arg>
<doc>Clicks the button identified by ``locator``.</doc>
<status status="PASS" start="2025-10-14T21:04:24.758427" elapsed="0.028266"/>
</kw>
<kw name="Wait Until Page Contains" owner="SeleniumLibrary">
<msg time="2025-10-14T21:04:35.132701" level="INFO" html="true">&lt;/td&gt;&lt;/tr&gt;&lt;tr&gt;&lt;td colspan="3"&gt;&lt;a href="selenium-screenshot-9.png"&gt;&lt;img src="selenium-screenshot-9.png" width="800px"&gt;&lt;/a&gt;</msg>
<msg time="2025-10-14T21:04:35.132843" level="FAIL">Text 'Products' did not appear in 5 seconds.</msg>
<arg>Products</arg>
<doc>Waits until ``text`` appears on the current page.</doc>
<status status="FAIL" start="2025-10-14T21:04:24.786837" elapsed="10.349229">Text 'Products' did not appear in 5 seconds.</status>
</kw>
<arg>locked_out_user</arg>
<arg>secret_sauce</arg>
<doc>Realiza login con credenciales válidas</doc>
<status status="FAIL" start="2025-10-14T21:04:24.627827" elapsed="10.508340">Text 'Products' did not appear in 5 seconds.</status>
</kw>
<kw name="Element Should Contain" owner="SeleniumLibrary">
<arg>${ERROR_MESSAGE}</arg>
<arg>Epic sadface: Sorry, this user has been locked out.</arg>
<doc>Verifies that element ``locator`` contains text ``expected``.</doc>
<status status="NOT RUN" start="2025-10-14T21:04:35.136281" elapsed="0.000019"/>
</kw>
<kw name="Cerrar Navegador" owner="common" type="TEARDOWN">
<kw name="Close Browser" owner="SeleniumLibrary">
<doc>Closes the current browser.</doc>
<status status="PASS" start="2025-10-14T21:04:35.136556" elapsed="0.076071"/>
</kw>
<doc>Cierra el navegador</doc>
<status status="PASS" start="2025-10-14T21:04:35.136442" elapsed="0.076252"/>
</kw>
<doc>Verifica que no se puede login con usuario bloqueado</doc>
<status status="FAIL" start="2025-10-14T21:04:22.212861" elapsed="12.999886">Text 'Products' did not appear in 5 seconds.</status>
</test>
<test id="s1-s2-t4" name="Login Forzado a Fallar" line="51">
<kw name="Abrir Navegador" owner="common" type="SETUP">
<kw name="Open Browser" owner="SeleniumLibrary">
<msg time="2025-10-14T21:04:35.213314" level="INFO">Opening browser 'chrome' to base url 'https://www.saucedemo.com/'.</msg>
<arg>${BASE_URL}</arg>
<arg>chrome</arg>
<doc>Opens a new browser instance to the optional ``url``.</doc>
<status status="PASS" start="2025-10-14T21:04:35.213210" elapsed="2.000501"/>
</kw>
<kw name="Maximize Browser Window" owner="SeleniumLibrary">
<doc>Maximizes current browser window.</doc>
<status status="PASS" start="2025-10-14T21:04:37.214067" elapsed="0.385085"/>
</kw>
<kw name="Set Selenium Implicit Wait" owner="SeleniumLibrary">
<arg>10</arg>
<doc>Sets the implicit wait value used by Selenium.</doc>
<status status="PASS" start="2025-10-14T21:04:37.599433" elapsed="0.001327"/>
</kw>
<doc>Abre el navegador y maximiza la ventana</doc>
<status status="PASS" start="2025-10-14T21:04:35.213098" elapsed="2.387807"/>
</kw>
<kw name="Login Exitoso" owner="common">
<kw name="Input Text" owner="SeleniumLibrary">
<msg time="2025-10-14T21:04:37.602066" level="INFO">Typing text 'standard_user' into text field 'id=user-name'.</msg>
<arg>${USERNAME_FIELD}</arg>
<arg>${username}</arg>
<doc>Types the given ``text`` into the text field identified by ``locator``.</doc>
<status status="PASS" start="2025-10-14T21:04:37.601793" elapsed="0.113629"/>
</kw>
<kw name="Input Password" owner="SeleniumLibrary">
<msg time="2025-10-14T21:04:37.715776" level="INFO">Typing password into text field 'id=password'.</msg>
<msg time="2025-10-14T21:04:37.726353" level="INFO">Temporally setting log level to: NONE</msg>
<arg>${PASSWORD_FIELD}</arg>
<arg>${password}</arg>
<doc>Types the given password into the text field identified by ``locator``.</doc>
<status status="PASS" start="2025-10-14T21:04:37.715548" elapsed="0.027409"/>
</kw>
<kw name="Click Button" owner="SeleniumLibrary">
<msg time="2025-10-14T21:04:37.743196" level="INFO">Clicking button 'id=login-button'.</msg>
<arg>${LOGIN_BUTTON}</arg>
<doc>Clicks the button identified by ``locator``.</doc>
<status status="PASS" start="2025-10-14T21:04:37.743071" elapsed="0.032423"/>
</kw>
<kw name="Wait Until Page Contains" owner="SeleniumLibrary">
<arg>Products</arg>
<doc>Waits until ``text`` appears on the current page.</doc>
<status status="PASS" start="2025-10-14T21:04:37.775624" elapsed="0.006740"/>
</kw>
<doc>Realiza login con credenciales válidas</doc>
<status status="PASS" start="2025-10-14T21:04:37.601385" elapsed="0.181057"/>
</kw>
<kw name="Page Should Contain" owner="SeleniumLibrary">
<msg time="2025-10-14T21:04:37.790999" level="INFO">Current page contains text 'Products'.</msg>
<arg>Products</arg>
<doc>Verifies that current page contains ``text``.</doc>
<status status="PASS" start="2025-10-14T21:04:37.782579" elapsed="0.008484"/>
</kw>
<kw name="Page Should Contain" owner="SeleniumLibrary">
<msg time="2025-10-14T21:04:58.000771" level="INFO" html="true">&lt;/td&gt;&lt;/tr&gt;&lt;tr&gt;&lt;td colspan="3"&gt;&lt;a href="selenium-screenshot-10.png"&gt;&lt;img src="selenium-screenshot-10.png" width="800px"&gt;&lt;/a&gt;</msg>
<msg time="2025-10-14T21:04:58.000910" level="FAIL">Page should have contained text 'Este Texto No Existe En La Página' but did not.</msg>
<arg>Este Texto No Existe En La Página</arg>
<doc>Verifies that current page contains ``text``.</doc>
<status status="FAIL" start="2025-10-14T21:04:37.791203" elapsed="20.210761">Page should have contained text 'Este Texto No Existe En La Página' but did not.</status>
</kw>
<kw name="Page Should Contain Element" owner="SeleniumLibrary">
<arg>css=.shopping_cart_link</arg>
<doc>Verifies that element ``locator`` is found on the current page.</doc>
<status status="NOT RUN" start="2025-10-14T21:04:58.002164" elapsed="0.000023"/>
</kw>
<kw name="Cerrar Navegador" owner="common" type="TEARDOWN">
<kw name="Close Browser" owner="SeleniumLibrary">
<doc>Closes the current browser.</doc>
<status status="PASS" start="2025-10-14T21:04:58.002464" elapsed="0.079808"/>
</kw>
<doc>Cierra el navegador</doc>
<status status="PASS" start="2025-10-14T21:04:58.002349" elapsed="0.079986"/>
</kw>
<doc>Este caso está diseñado para fallar intencionalmente
para demostrar el manejo de pruebas fallidas</doc>
<status status="FAIL" start="2025-10-14T21:04:35.212894" elapsed="22.869496">Page should have contained text 'Este Texto No Existe En La Página' but did not.</status>
</test>
<doc>Suite de pruebas para el login de SauceDemo</doc>
<status status="FAIL" start="2025-10-14T21:04:16.637190" elapsed="41.445397"/>
</suite>
<status status="FAIL" start="2025-10-14T21:04:09.384455" elapsed="48.698357"/>
</suite>
<statistics>
<total>
<stat pass="4" fail="2" skip="0">All Tests</stat>
</total>
<tag>
</tag>
<suite>
<stat name="Tests" id="s1" pass="4" fail="2" skip="0">Tests</stat>
<stat name="Checkout Tests" id="s1-s1" pass="2" fail="0" skip="0">Tests.Checkout Tests</stat>
<stat name="Login Tests" id="s1-s2" pass="2" fail="2" skip="0">Tests.Login Tests</stat>
</suite>
</statistics>
<errors>
</errors>
</robot>
